
**** Build of configuration Debug for project files ****

/home/mostafa/ti/ccs1020/ccs/utils/bin/gmake -k -j 8 all -O 
 
Building file: "../mcp25xxfd_demo_h2_rel/firmware/src/main.c"
Invoking: Arm Compiler
"/home/mostafa/ti/ccs1020/ccs/tools/compiler/ti-cgt-arm_20.2.2.LTS/bin/armcl" -mv7M4 --code_state=16 --float_support=FPv4SPD16 -me --include_path="/home/mostafa/mostafa/ccs_repos/files" --include_path="/home/mostafa/ti/ccs1020/ccs/tools/compiler/ti-cgt-arm_20.2.2.LTS/include" --define=ccs="ccs" --define=PART_TM4C123GH6PM -g --gcc --diag_warning=225 --diag_wrap=off --display_error_number --abi=eabi --preproc_with_compile --preproc_dependency="mcp25xxfd_demo_h2_rel/firmware/src/main.d_raw" --obj_directory="mcp25xxfd_demo_h2_rel/firmware/src"  "../mcp25xxfd_demo_h2_rel/firmware/src/main.c"
 
>> Compilation failure
mcp25xxfd_demo_h2_rel/firmware/src/subdir_rules.mk:7: recipe for target 'mcp25xxfd_demo_h2_rel/firmware/src/main.obj' failed
"../mcp25xxfd_demo_h2_rel/firmware/src/main.c", line 61: fatal error #1965: cannot open source file "system/common/sys_module.h"
1 catastrophic error detected in the compilation of "../mcp25xxfd_demo_h2_rel/firmware/src/main.c".
Compilation terminated.
gmake: *** [mcp25xxfd_demo_h2_rel/firmware/src/main.obj] Error 1
"../mcp25xxfd_demo_h2_rel/firmware/src/app.h", line 59: fatal error #1965: cannot open source file "system_config.h"
1 catastrophic error detected in the compilation of "../mcp25xxfd_demo_h2_rel/firmware/src/app.c".
Compilation terminated.
gmake: *** [mcp25xxfd_demo_h2_rel/firmware/src/app.obj] Error 1
"../mcp25xxfd_demo_h2_rel/firmware/src/system_config/mcp2518fd_evb/framework/system/clk/src/sys_clk_pic32mx.c", line 58: fatal error #1965: cannot open source file "system_config.h"
1 catastrophic error detected in the compilation of "../mcp25xxfd_demo_h2_rel/firmware/src/system_config/mcp2518fd_evb/framework/system/clk/src/sys_clk_pic32mx.c".
Compilation terminated.
gmake: *** [mcp25xxfd_demo_h2_rel/firmware/src/system_config/mcp2518fd_evb/framework/system/clk/src/sys_clk_pic32mx.obj] Error 1
"../mcp25xxfd_demo_h2_rel/firmware/src/system_config/mcp2518fd_evb/framework/system/devcon/src/sys_devcon.c", line 53: fatal error #1965: cannot open source file "system/devcon/src/sys_devcon_local.h"
1 catastrophic error detected in the compilation of "../mcp25xxfd_demo_h2_rel/firmware/src/system_config/mcp2518fd_evb/framework/system/devcon/src/sys_devcon.c".
Compilation terminated.
gmake: *** [mcp25xxfd_demo_h2_rel/firmware/src/system_config/mcp2518fd_evb/framework/system/devcon/src/sys_devcon.obj] Error 1
"../mcp25xxfd_demo_h2_rel/firmware/src/system_config/mcp2518fd_evb/framework/driver/mcp25xxfd_driver/spi/drv_spi.c", line 48: fatal error #1965: cannot open source file "peripheral/spi/plib_spi.h"
1 catastrophic error detected in the compilation of "../mcp25xxfd_demo_h2_rel/firmware/src/system_config/mcp2518fd_evb/framework/driver/mcp25xxfd_driver/spi/drv_spi.c".
Compilation terminated.
gmake: *** [mcp25xxfd_demo_h2_rel/firmware/src/system_config/mcp2518fd_evb/framework/driver/mcp25xxfd_driver/spi/drv_spi.obj] Error 1
"../mcp25xxfd_demo_h2_rel/firmware/src/system_config/mcp2518fd_evb/framework/system/int/src/sys_int_pic32.c", line 43: fatal error #1965: cannot open source file "system/int/sys_int.h"
1 catastrophic error detected in the compilation of "../mcp25xxfd_demo_h2_rel/firmware/src/system_config/mcp2518fd_evb/framework/system/int/src/sys_int_pic32.c".
Compilation terminated.
gmake: *** [mcp25xxfd_demo_h2_rel/firmware/src/system_config/mcp2518fd_evb/framework/system/int/src/sys_int_pic32.obj] Error 1
"../mcp25xxfd_demo_h2_rel/firmware/src/system_config/mcp2518fd_evb/framework/system/ports/src/sys_ports_static.c", line 51: fatal error #1965: cannot open source file "system_config.h"
1 catastrophic error detected in the compilation of "../mcp25xxfd_demo_h2_rel/firmware/src/system_config/mcp2518fd_evb/framework/system/ports/src/sys_ports_static.c".
Compilation terminated.
gmake: *** [mcp25xxfd_demo_h2_rel/firmware/src/system_config/mcp2518fd_evb/framework/system/ports/src/sys_ports_static.obj] Error 1
"../mcp25xxfd_demo_h2_rel/firmware/src/system_config/mcp2518fd_evb/framework/driver/mcp25xxfd_driver/canfdspi/drv_canfdspi_api.c", line 50: fatal error #1965: cannot open source file "drv_spi.h"
1 catastrophic error detected in the compilation of "../mcp25xxfd_demo_h2_rel/firmware/src/system_config/mcp2518fd_evb/framework/driver/mcp25xxfd_driver/canfdspi/drv_canfdspi_api.c".
Compilation terminated.
gmake: *** [mcp25xxfd_demo_h2_rel/firmware/src/system_config/mcp2518fd_evb/framework/driver/mcp25xxfd_driver/canfdspi/drv_canfdspi_api.obj] Error 1
"../mcp25xxfd_demo_h2_rel/firmware/src/system_config/mcp2518fd_evb/framework/system/devcon/src/sys_devcon_local.h", line 58: fatal error #1965: cannot open source file "system_config.h"
1 catastrophic error detected in the compilation of "../mcp25xxfd_demo_h2_rel/firmware/src/system_config/mcp2518fd_evb/framework/system/devcon/src/sys_devcon_pic32mx.c".
Compilation terminated.
gmake: *** [mcp25xxfd_demo_h2_rel/firmware/src/system_config/mcp2518fd_evb/framework/system/devcon/src/sys_devcon_pic32mx.obj] Error 1
"../mcp25xxfd_demo_h2_rel/firmware/src/system_config/mcp2518fd_evb/system_exceptions.c", line 45: fatal error #1965: cannot open source file "xc.h"
1 catastrophic error detected in the compilation of "../mcp25xxfd_demo_h2_rel/firmware/src/system_config/mcp2518fd_evb/system_exceptions.c".
Compilation terminated.
gmake: *** [mcp25xxfd_demo_h2_rel/firmware/src/system_config/mcp2518fd_evb/system_exceptions.obj] Error 1
"../mcp25xxfd_demo_h2_rel/firmware/src/system_config/mcp2518fd_evb/system_interrupt.c", line 62: fatal error #1965: cannot open source file "system/common/sys_common.h"
1 catastrophic error detected in the compilation of "../mcp25xxfd_demo_h2_rel/firmware/src/system_config/mcp2518fd_evb/system_interrupt.c".
Compilation terminated.
gmake: *** [mcp25xxfd_demo_h2_rel/firmware/src/system_config/mcp2518fd_evb/system_interrupt.obj] Error 1
"../mcp25xxfd_demo_h2_rel/firmware/src/system_config/mcp2518fd_evb/system_config.h", line 63: fatal error #1965: cannot open source file "system/common/sys_common.h"
1 catastrophic error detected in the compilation of "../mcp25xxfd_demo_h2_rel/firmware/src/system_config/mcp2518fd_evb/system_init.c".
Compilation terminated.
gmake: *** [mcp25xxfd_demo_h2_rel/firmware/src/system_config/mcp2518fd_evb/system_init.obj] Error 1
"../mcp25xxfd_demo_h2_rel/firmware/src/system_config/mcp2518fd_evb/system_config.h", line 63: fatal error #1965: cannot open source file "system/common/sys_common.h"
1 catastrophic error detected in the compilation of "../mcp25xxfd_demo_h2_rel/firmware/src/system_config/mcp2518fd_evb/system_tasks.c".
Compilation terminated.
gmake: *** [mcp25xxfd_demo_h2_rel/firmware/src/system_config/mcp2518fd_evb/system_tasks.obj] Error 1
Building file: "../mcp25xxfd_demo_h2_rel/firmware/src/app.c"
Invoking: Arm Compiler
"/home/mostafa/ti/ccs1020/ccs/tools/compiler/ti-cgt-arm_20.2.2.LTS/bin/armcl" -mv7M4 --code_state=16 --float_support=FPv4SPD16 -me --include_path="/home/mostafa/mostafa/ccs_repos/files" --include_path="/home/mostafa/ti/ccs1020/ccs/tools/compiler/ti-cgt-arm_20.2.2.LTS/include" --define=ccs="ccs" --define=PART_TM4C123GH6PM -g --gcc --diag_warning=225 --diag_wrap=off --display_error_number --abi=eabi --preproc_with_compile --preproc_dependency="mcp25xxfd_demo_h2_rel/firmware/src/app.d_raw" --obj_directory="mcp25xxfd_demo_h2_rel/firmware/src"  "../mcp25xxfd_demo_h2_rel/firmware/src/app.c"
 
>> Compilation failure
mcp25xxfd_demo_h2_rel/firmware/src/subdir_rules.mk:7: recipe for target 'mcp25xxfd_demo_h2_rel/firmware/src/app.obj' failed
Building file: "../mcp25xxfd_demo_h2_rel/firmware/src/system_config/mcp2518fd_evb/framework/system/clk/src/sys_clk_pic32mx.c"
Invoking: Arm Compiler
"/home/mostafa/ti/ccs1020/ccs/tools/compiler/ti-cgt-arm_20.2.2.LTS/bin/armcl" -mv7M4 --code_state=16 --float_support=FPv4SPD16 -me --include_path="/home/mostafa/mostafa/ccs_repos/files" --include_path="/home/mostafa/ti/ccs1020/ccs/tools/compiler/ti-cgt-arm_20.2.2.LTS/include" --define=ccs="ccs" --define=PART_TM4C123GH6PM -g --gcc --diag_warning=225 --diag_wrap=off --display_error_number --abi=eabi --preproc_with_compile --preproc_dependency="mcp25xxfd_demo_h2_rel/firmware/src/system_config/mcp2518fd_evb/framework/system/clk/src/sys_clk_pic32mx.d_raw" --obj_directory="mcp25xxfd_demo_h2_rel/firmware/src/system_config/mcp2518fd_evb/framework/system/clk/src"  "../mcp25xxfd_demo_h2_rel/firmware/src/system_config/mcp2518fd_evb/framework/system/clk/src/sys_clk_pic32mx.c"
 
>> Compilation failure
mcp25xxfd_demo_h2_rel/firmware/src/system_config/mcp2518fd_evb/framework/system/clk/src/subdir_rules.mk:7: recipe for target 'mcp25xxfd_demo_h2_rel/firmware/src/system_config/mcp2518fd_evb/framework/system/clk/src/sys_clk_pic32mx.obj' failed
Building file: "../mcp25xxfd_demo_h2_rel/firmware/src/system_config/mcp2518fd_evb/framework/system/devcon/src/sys_devcon.c"
Invoking: Arm Compiler
"/home/mostafa/ti/ccs1020/ccs/tools/compiler/ti-cgt-arm_20.2.2.LTS/bin/armcl" -mv7M4 --code_state=16 --float_support=FPv4SPD16 -me --include_path="/home/mostafa/mostafa/ccs_repos/files" --include_path="/home/mostafa/ti/ccs1020/ccs/tools/compiler/ti-cgt-arm_20.2.2.LTS/include" --define=ccs="ccs" --define=PART_TM4C123GH6PM -g --gcc --diag_warning=225 --diag_wrap=off --display_error_number --abi=eabi --preproc_with_compile --preproc_dependency="mcp25xxfd_demo_h2_rel/firmware/src/system_config/mcp2518fd_evb/framework/system/devcon/src/sys_devcon.d_raw" --obj_directory="mcp25xxfd_demo_h2_rel/firmware/src/system_config/mcp2518fd_evb/framework/system/devcon/src"  "../mcp25xxfd_demo_h2_rel/firmware/src/system_config/mcp2518fd_evb/framework/system/devcon/src/sys_devcon.c"
 
>> Compilation failure
mcp25xxfd_demo_h2_rel/firmware/src/system_config/mcp2518fd_evb/framework/system/devcon/src/subdir_rules.mk:7: recipe for target 'mcp25xxfd_demo_h2_rel/firmware/src/system_config/mcp2518fd_evb/framework/system/devcon/src/sys_devcon.obj' failed
Building file: "../mcp25xxfd_demo_h2_rel/firmware/src/system_config/mcp2518fd_evb/framework/driver/mcp25xxfd_driver/spi/drv_spi.c"
Invoking: Arm Compiler
"/home/mostafa/ti/ccs1020/ccs/tools/compiler/ti-cgt-arm_20.2.2.LTS/bin/armcl" -mv7M4 --code_state=16 --float_support=FPv4SPD16 -me --include_path="/home/mostafa/mostafa/ccs_repos/files" --include_path="/home/mostafa/ti/ccs1020/ccs/tools/compiler/ti-cgt-arm_20.2.2.LTS/include" --define=ccs="ccs" --define=PART_TM4C123GH6PM -g --gcc --diag_warning=225 --diag_wrap=off --display_error_number --abi=eabi --preproc_with_compile --preproc_dependency="mcp25xxfd_demo_h2_rel/firmware/src/system_config/mcp2518fd_evb/framework/driver/mcp25xxfd_driver/spi/drv_spi.d_raw" --obj_directory="mcp25xxfd_demo_h2_rel/firmware/src/system_config/mcp2518fd_evb/framework/driver/mcp25xxfd_driver/spi"  "../mcp25xxfd_demo_h2_rel/firmware/src/system_config/mcp2518fd_evb/framework/driver/mcp25xxfd_driver/spi/drv_spi.c"
 
>> Compilation failure
mcp25xxfd_demo_h2_rel/firmware/src/system_config/mcp2518fd_evb/framework/driver/mcp25xxfd_driver/spi/subdir_rules.mk:7: recipe for target 'mcp25xxfd_demo_h2_rel/firmware/src/system_config/mcp2518fd_evb/framework/driver/mcp25xxfd_driver/spi/drv_spi.obj' failed
Building file: "../mcp25xxfd_demo_h2_rel/firmware/src/system_config/mcp2518fd_evb/framework/system/int/src/sys_int_pic32.c"
Invoking: Arm Compiler
"/home/mostafa/ti/ccs1020/ccs/tools/compiler/ti-cgt-arm_20.2.2.LTS/bin/armcl" -mv7M4 --code_state=16 --float_support=FPv4SPD16 -me --include_path="/home/mostafa/mostafa/ccs_repos/files" --include_path="/home/mostafa/ti/ccs1020/ccs/tools/compiler/ti-cgt-arm_20.2.2.LTS/include" --define=ccs="ccs" --define=PART_TM4C123GH6PM -g --gcc --diag_warning=225 --diag_wrap=off --display_error_number --abi=eabi --preproc_with_compile --preproc_dependency="mcp25xxfd_demo_h2_rel/firmware/src/system_config/mcp2518fd_evb/framework/system/int/src/sys_int_pic32.d_raw" --obj_directory="mcp25xxfd_demo_h2_rel/firmware/src/system_config/mcp2518fd_evb/framework/system/int/src"  "../mcp25xxfd_demo_h2_rel/firmware/src/system_config/mcp2518fd_evb/framework/system/int/src/sys_int_pic32.c"
 
>> Compilation failure
mcp25xxfd_demo_h2_rel/firmware/src/system_config/mcp2518fd_evb/framework/system/int/src/subdir_rules.mk:7: recipe for target 'mcp25xxfd_demo_h2_rel/firmware/src/system_config/mcp2518fd_evb/framework/system/int/src/sys_int_pic32.obj' failed
Building file: "../mcp25xxfd_demo_h2_rel/firmware/src/system_config/mcp2518fd_evb/framework/system/ports/src/sys_ports_static.c"
Invoking: Arm Compiler
"/home/mostafa/ti/ccs1020/ccs/tools/compiler/ti-cgt-arm_20.2.2.LTS/bin/armcl" -mv7M4 --code_state=16 --float_support=FPv4SPD16 -me --include_path="/home/mostafa/mostafa/ccs_repos/files" --include_path="/home/mostafa/ti/ccs1020/ccs/tools/compiler/ti-cgt-arm_20.2.2.LTS/include" --define=ccs="ccs" --define=PART_TM4C123GH6PM -g --gcc --diag_warning=225 --diag_wrap=off --display_error_number --abi=eabi --preproc_with_compile --preproc_dependency="mcp25xxfd_demo_h2_rel/firmware/src/system_config/mcp2518fd_evb/framework/system/ports/src/sys_ports_static.d_raw" --obj_directory="mcp25xxfd_demo_h2_rel/firmware/src/system_config/mcp2518fd_evb/framework/system/ports/src"  "../mcp25xxfd_demo_h2_rel/firmware/src/system_config/mcp2518fd_evb/framework/system/ports/src/sys_ports_static.c"
 
>> Compilation failure
mcp25xxfd_demo_h2_rel/firmware/src/system_config/mcp2518fd_evb/framework/system/ports/src/subdir_rules.mk:7: recipe for target 'mcp25xxfd_demo_h2_rel/firmware/src/system_config/mcp2518fd_evb/framework/system/ports/src/sys_ports_static.obj' failed
Building file: "../mcp25xxfd_demo_h2_rel/firmware/src/system_config/mcp2518fd_evb/framework/driver/mcp25xxfd_driver/canfdspi/drv_canfdspi_api.c"
Invoking: Arm Compiler
"/home/mostafa/ti/ccs1020/ccs/tools/compiler/ti-cgt-arm_20.2.2.LTS/bin/armcl" -mv7M4 --code_state=16 --float_support=FPv4SPD16 -me --include_path="/home/mostafa/mostafa/ccs_repos/files" --include_path="/home/mostafa/ti/ccs1020/ccs/tools/compiler/ti-cgt-arm_20.2.2.LTS/include" --define=ccs="ccs" --define=PART_TM4C123GH6PM -g --gcc --diag_warning=225 --diag_wrap=off --display_error_number --abi=eabi --preproc_with_compile --preproc_dependency="mcp25xxfd_demo_h2_rel/firmware/src/system_config/mcp2518fd_evb/framework/driver/mcp25xxfd_driver/canfdspi/drv_canfdspi_api.d_raw" --obj_directory="mcp25xxfd_demo_h2_rel/firmware/src/system_config/mcp2518fd_evb/framework/driver/mcp25xxfd_driver/canfdspi"  "../mcp25xxfd_demo_h2_rel/firmware/src/system_config/mcp2518fd_evb/framework/driver/mcp25xxfd_driver/canfdspi/drv_canfdspi_api.c"
 
>> Compilation failure
mcp25xxfd_demo_h2_rel/firmware/src/system_config/mcp2518fd_evb/framework/driver/mcp25xxfd_driver/canfdspi/subdir_rules.mk:7: recipe for target 'mcp25xxfd_demo_h2_rel/firmware/src/system_config/mcp2518fd_evb/framework/driver/mcp25xxfd_driver/canfdspi/drv_canfdspi_api.obj' failed
Building file: "../mcp25xxfd_demo_h2_rel/firmware/src/system_config/mcp2518fd_evb/framework/system/devcon/src/sys_devcon_pic32mx.c"
Invoking: Arm Compiler
"/home/mostafa/ti/ccs1020/ccs/tools/compiler/ti-cgt-arm_20.2.2.LTS/bin/armcl" -mv7M4 --code_state=16 --float_support=FPv4SPD16 -me --include_path="/home/mostafa/mostafa/ccs_repos/files" --include_path="/home/mostafa/ti/ccs1020/ccs/tools/compiler/ti-cgt-arm_20.2.2.LTS/include" --define=ccs="ccs" --define=PART_TM4C123GH6PM -g --gcc --diag_warning=225 --diag_wrap=off --display_error_number --abi=eabi --preproc_with_compile --preproc_dependency="mcp25xxfd_demo_h2_rel/firmware/src/system_config/mcp2518fd_evb/framework/system/devcon/src/sys_devcon_pic32mx.d_raw" --obj_directory="mcp25xxfd_demo_h2_rel/firmware/src/system_config/mcp2518fd_evb/framework/system/devcon/src"  "../mcp25xxfd_demo_h2_rel/firmware/src/system_config/mcp2518fd_evb/framework/system/devcon/src/sys_devcon_pic32mx.c"
 
>> Compilation failure
mcp25xxfd_demo_h2_rel/firmware/src/system_config/mcp2518fd_evb/framework/system/devcon/src/subdir_rules.mk:7: recipe for target 'mcp25xxfd_demo_h2_rel/firmware/src/system_config/mcp2518fd_evb/framework/system/devcon/src/sys_devcon_pic32mx.obj' failed
Building file: "../mcp25xxfd_demo_h2_rel/firmware/src/system_config/mcp2518fd_evb/system_exceptions.c"
Invoking: Arm Compiler
"/home/mostafa/ti/ccs1020/ccs/tools/compiler/ti-cgt-arm_20.2.2.LTS/bin/armcl" -mv7M4 --code_state=16 --float_support=FPv4SPD16 -me --include_path="/home/mostafa/mostafa/ccs_repos/files" --include_path="/home/mostafa/ti/ccs1020/ccs/tools/compiler/ti-cgt-arm_20.2.2.LTS/include" --define=ccs="ccs" --define=PART_TM4C123GH6PM -g --gcc --diag_warning=225 --diag_wrap=off --display_error_number --abi=eabi --preproc_with_compile --preproc_dependency="mcp25xxfd_demo_h2_rel/firmware/src/system_config/mcp2518fd_evb/system_exceptions.d_raw" --obj_directory="mcp25xxfd_demo_h2_rel/firmware/src/system_config/mcp2518fd_evb"  "../mcp25xxfd_demo_h2_rel/firmware/src/system_config/mcp2518fd_evb/system_exceptions.c"
 
>> Compilation failure
mcp25xxfd_demo_h2_rel/firmware/src/system_config/mcp2518fd_evb/subdir_rules.mk:7: recipe for target 'mcp25xxfd_demo_h2_rel/firmware/src/system_config/mcp2518fd_evb/system_exceptions.obj' failed
Building file: "../mcp25xxfd_demo_h2_rel/firmware/src/system_config/mcp2518fd_evb/system_interrupt.c"
Invoking: Arm Compiler
"/home/mostafa/ti/ccs1020/ccs/tools/compiler/ti-cgt-arm_20.2.2.LTS/bin/armcl" -mv7M4 --code_state=16 --float_support=FPv4SPD16 -me --include_path="/home/mostafa/mostafa/ccs_repos/files" --include_path="/home/mostafa/ti/ccs1020/ccs/tools/compiler/ti-cgt-arm_20.2.2.LTS/include" --define=ccs="ccs" --define=PART_TM4C123GH6PM -g --gcc --diag_warning=225 --diag_wrap=off --display_error_number --abi=eabi --preproc_with_compile --preproc_dependency="mcp25xxfd_demo_h2_rel/firmware/src/system_config/mcp2518fd_evb/system_interrupt.d_raw" --obj_directory="mcp25xxfd_demo_h2_rel/firmware/src/system_config/mcp2518fd_evb"  "../mcp25xxfd_demo_h2_rel/firmware/src/system_config/mcp2518fd_evb/system_interrupt.c"
 
>> Compilation failure
mcp25xxfd_demo_h2_rel/firmware/src/system_config/mcp2518fd_evb/subdir_rules.mk:7: recipe for target 'mcp25xxfd_demo_h2_rel/firmware/src/system_config/mcp2518fd_evb/system_interrupt.obj' failed
Building file: "../mcp25xxfd_demo_h2_rel/firmware/src/system_config/mcp2518fd_evb/system_init.c"
Invoking: Arm Compiler
"/home/mostafa/ti/ccs1020/ccs/tools/compiler/ti-cgt-arm_20.2.2.LTS/bin/armcl" -mv7M4 --code_state=16 --float_support=FPv4SPD16 -me --include_path="/home/mostafa/mostafa/ccs_repos/files" --include_path="/home/mostafa/ti/ccs1020/ccs/tools/compiler/ti-cgt-arm_20.2.2.LTS/include" --define=ccs="ccs" --define=PART_TM4C123GH6PM -g --gcc --diag_warning=225 --diag_wrap=off --display_error_number --abi=eabi --preproc_with_compile --preproc_dependency="mcp25xxfd_demo_h2_rel/firmware/src/system_config/mcp2518fd_evb/system_init.d_raw" --obj_directory="mcp25xxfd_demo_h2_rel/firmware/src/system_config/mcp2518fd_evb"  "../mcp25xxfd_demo_h2_rel/firmware/src/system_config/mcp2518fd_evb/system_init.c"
 
>> Compilation failure
mcp25xxfd_demo_h2_rel/firmware/src/system_config/mcp2518fd_evb/subdir_rules.mk:7: recipe for target 'mcp25xxfd_demo_h2_rel/firmware/src/system_config/mcp2518fd_evb/system_init.obj' failed
Building file: "../mcp25xxfd_demo_h2_rel/firmware/src/system_config/mcp2518fd_evb/system_tasks.c"
Invoking: Arm Compiler
"/home/mostafa/ti/ccs1020/ccs/tools/compiler/ti-cgt-arm_20.2.2.LTS/bin/armcl" -mv7M4 --code_state=16 --float_support=FPv4SPD16 -me --include_path="/home/mostafa/mostafa/ccs_repos/files" --include_path="/home/mostafa/ti/ccs1020/ccs/tools/compiler/ti-cgt-arm_20.2.2.LTS/include" --define=ccs="ccs" --define=PART_TM4C123GH6PM -g --gcc --diag_warning=225 --diag_wrap=off --display_error_number --abi=eabi --preproc_with_compile --preproc_dependency="mcp25xxfd_demo_h2_rel/firmware/src/system_config/mcp2518fd_evb/system_tasks.d_raw" --obj_directory="mcp25xxfd_demo_h2_rel/firmware/src/system_config/mcp2518fd_evb"  "../mcp25xxfd_demo_h2_rel/firmware/src/system_config/mcp2518fd_evb/system_tasks.c"
 
>> Compilation failure
mcp25xxfd_demo_h2_rel/firmware/src/system_config/mcp2518fd_evb/subdir_rules.mk:7: recipe for target 'mcp25xxfd_demo_h2_rel/firmware/src/system_config/mcp2518fd_evb/system_tasks.obj' failed
gmake: Target 'all' not remade because of errors.

**** Build Finished ****
